TpTrace Verbose: 0 : 25868, 1, 2021/06/26, 22:20:38.671, 1807540977213, vstest.console.dll, Version: 16.10.0-release-20210520-03
TpTrace Information: 0 : 25868, 1, 2021/06/26, 22:20:38.678, 1807541037689, vstest.console.dll, FilePatternParser: The given file D:\Think bridge\Ecommerce-ProductModule-API\Product Module API\Inventory Management.Server.Tests\bin\Debug\net5.0\fine-code-coverage\build-output\Inventory Management.Server.Tests.dll is a full path.
TpTrace Verbose: 0 : 25868, 1, 2021/06/26, 22:20:38.682, 1807541086925, vstest.console.dll, TestPluginCache.DiscoverTestExtensions: finding test extensions in assemblies ends with: RuntimeProvider.dll TPluginInfo: Microsoft.VisualStudio.TestPlatform.Common.ExtensionFramework.Utilities.TestRuntimePluginInformation TExtension: Microsoft.VisualStudio.TestPlatform.ObjectModel.Host.ITestRuntimeProvider
TpTrace Verbose: 0 : 25868, 1, 2021/06/26, 22:20:38.684, 1807541104388, vstest.console.dll, TestPluginCache.GetExtensionPaths: Filtered extension paths: 
TpTrace Verbose: 0 : 25868, 1, 2021/06/26, 22:20:38.684, 1807541105180, vstest.console.dll, TestPluginCache.GetExtensionPaths: Added default extension paths: C:\Program Files\dotnet\sdk\5.0.301\Extensions\Microsoft.Diagnostics.NETCore.Client.dll
C:\Program Files\dotnet\sdk\5.0.301\Extensions\Microsoft.TestPlatform.Extensions.BlameDataCollector.dll
C:\Program Files\dotnet\sdk\5.0.301\Extensions\Microsoft.TestPlatform.Extensions.EventLogCollector.dll
C:\Program Files\dotnet\sdk\5.0.301\Extensions\Microsoft.TestPlatform.TestHostRuntimeProvider.dll
C:\Program Files\dotnet\sdk\5.0.301\Extensions\Microsoft.VisualStudio.TestPlatform.Extensions.Html.TestLogger.dll
C:\Program Files\dotnet\sdk\5.0.301\Extensions\Microsoft.VisualStudio.TestPlatform.Extensions.Trx.TestLogger.dll
TpTrace Verbose: 0 : 25868, 1, 2021/06/26, 22:20:38.684, 1807541105568, vstest.console.dll, TestPluginCache.GetExtensionPaths: Added unfilterableExtensionPaths: 
TpTrace Information: 0 : 25868, 1, 2021/06/26, 22:20:38.685, 1807541111304, vstest.console.dll, AssemblyResolver.ctor: Creating AssemblyResolver with searchDirectories C:\Program Files\dotnet\sdk\5.0.301\Extensions,C:\Program Files\dotnet\sdk\5.0.301
TpTrace Verbose: 0 : 25868, 1, 2021/06/26, 22:20:38.686, 1807541117828, vstest.console.dll, TestPluginCache.DiscoverTestExtensions: Discovering the extensions using extension path.
TpTrace Verbose: 0 : 25868, 1, 2021/06/26, 22:20:38.686, 1807541118665, vstest.console.dll, TestPluginCache.GetExtensionPaths: Filtered extension paths: 
TpTrace Verbose: 0 : 25868, 1, 2021/06/26, 22:20:38.686, 1807541119003, vstest.console.dll, TestPluginCache.GetExtensionPaths: Added default extension paths: C:\Program Files\dotnet\sdk\5.0.301\Extensions\Microsoft.Diagnostics.NETCore.Client.dll
C:\Program Files\dotnet\sdk\5.0.301\Extensions\Microsoft.TestPlatform.Extensions.BlameDataCollector.dll
C:\Program Files\dotnet\sdk\5.0.301\Extensions\Microsoft.TestPlatform.Extensions.EventLogCollector.dll
C:\Program Files\dotnet\sdk\5.0.301\Extensions\Microsoft.TestPlatform.TestHostRuntimeProvider.dll
C:\Program Files\dotnet\sdk\5.0.301\Extensions\Microsoft.VisualStudio.TestPlatform.Extensions.Html.TestLogger.dll
C:\Program Files\dotnet\sdk\5.0.301\Extensions\Microsoft.VisualStudio.TestPlatform.Extensions.Trx.TestLogger.dll
TpTrace Verbose: 0 : 25868, 1, 2021/06/26, 22:20:38.686, 1807541119334, vstest.console.dll, TestPluginCache.GetExtensionPaths: Added unfilterableExtensionPaths: 
TpTrace Verbose: 0 : 25868, 1, 2021/06/26, 22:20:38.686, 1807541119797, vstest.console.dll, TestPluginCache.DiscoverTestExtensions: Discovering the extensions using allExtensionPaths: C:\Program Files\dotnet\sdk\5.0.301\Extensions\Microsoft.Diagnostics.NETCore.Client.dll
C:\Program Files\dotnet\sdk\5.0.301\Extensions\Microsoft.TestPlatform.Extensions.BlameDataCollector.dll
C:\Program Files\dotnet\sdk\5.0.301\Extensions\Microsoft.TestPlatform.Extensions.EventLogCollector.dll
C:\Program Files\dotnet\sdk\5.0.301\Extensions\Microsoft.TestPlatform.TestHostRuntimeProvider.dll
C:\Program Files\dotnet\sdk\5.0.301\Extensions\Microsoft.VisualStudio.TestPlatform.Extensions.Html.TestLogger.dll
C:\Program Files\dotnet\sdk\5.0.301\Extensions\Microsoft.VisualStudio.TestPlatform.Extensions.Trx.TestLogger.dll
TpTrace Information: 0 : 25868, 1, 2021/06/26, 22:20:38.686, 1807541120909, vstest.console.dll, AssemblyResolver.AddSearchDirectories: Adding more searchDirectories C:\Program Files\dotnet\sdk\5.0.301\Extensions,C:\Program Files\dotnet\sdk\5.0.301
TpTrace Information: 0 : 25868, 1, 2021/06/26, 22:20:38.686, 1807541121404, vstest.console.dll, AssemblyResolver.AddSearchDirectories: Adding more searchDirectories C:\Program Files\dotnet\sdk\5.0.301\Extensions,C:\Program Files\dotnet\sdk\5.0.301
TpTrace Information: 0 : 25868, 1, 2021/06/26, 22:20:38.686, 1807541121728, vstest.console.dll, AssemblyResolver.AddSearchDirectories: Adding more searchDirectories C:\Program Files\dotnet\sdk\5.0.301\Extensions,C:\Program Files\dotnet\sdk\5.0.301
TpTrace Information: 0 : 25868, 1, 2021/06/26, 22:20:38.686, 1807541122031, vstest.console.dll, AssemblyResolver.AddSearchDirectories: Adding more searchDirectories C:\Program Files\dotnet\sdk\5.0.301\Extensions,C:\Program Files\dotnet\sdk\5.0.301
TpTrace Information: 0 : 25868, 1, 2021/06/26, 22:20:38.686, 1807541122284, vstest.console.dll, AssemblyResolver.AddSearchDirectories: Adding more searchDirectories C:\Program Files\dotnet\sdk\5.0.301\Extensions,C:\Program Files\dotnet\sdk\5.0.301
TpTrace Information: 0 : 25868, 1, 2021/06/26, 22:20:38.686, 1807541122527, vstest.console.dll, AssemblyResolver.AddSearchDirectories: Adding more searchDirectories C:\Program Files\dotnet\sdk\5.0.301\Extensions,C:\Program Files\dotnet\sdk\5.0.301
TpTrace Information: 0 : 25868, 1, 2021/06/26, 22:20:38.686, 1807541125178, vstest.console.dll, AssemblyResolver.OnResolve: Microsoft.Diagnostics.NETCore.Client: Resolving assembly.
TpTrace Information: 0 : 25868, 1, 2021/06/26, 22:20:38.686, 1807541125700, vstest.console.dll, AssemblyResolver.OnResolve: Microsoft.Diagnostics.NETCore.Client: Searching in: 'C:\Program Files\dotnet\sdk\5.0.301\Extensions'.
TpTrace Information: 0 : 25868, 1, 2021/06/26, 22:20:38.687, 1807541130876, vstest.console.dll, AssemblyResolver.OnResolve: Microsoft.Diagnostics.NETCore.Client: Loading assembly 'C:\Program Files\dotnet\sdk\5.0.301\Extensions\Microsoft.Diagnostics.NETCore.Client.dll'.
TpTrace Information: 0 : 25868, 1, 2021/06/26, 22:20:38.687, 1807541137044, vstest.console.dll, AssemblyResolver.OnResolve: Resolved assembly: Microsoft.Diagnostics.NETCore.Client, from path: C:\Program Files\dotnet\sdk\5.0.301\Extensions\Microsoft.Diagnostics.NETCore.Client.dll
TpTrace Information: 0 : 25868, 1, 2021/06/26, 22:20:38.689, 1807541155177, vstest.console.dll, AssemblyResolver.OnResolve: Microsoft.Bcl.AsyncInterfaces: Resolving assembly.
TpTrace Information: 0 : 25868, 1, 2021/06/26, 22:20:38.689, 1807541155629, vstest.console.dll, AssemblyResolver.OnResolve: Microsoft.Bcl.AsyncInterfaces: Searching in: 'C:\Program Files\dotnet\sdk\5.0.301\Extensions'.
TpTrace Information: 0 : 25868, 1, 2021/06/26, 22:20:38.689, 1807541156334, vstest.console.dll, AssemblyResolver.OnResolve: Microsoft.Bcl.AsyncInterfaces: Assembly path does not exist: 'C:\Program Files\dotnet\sdk\5.0.301\Extensions\Microsoft.Bcl.AsyncInterfaces.dll', returning.
TpTrace Information: 0 : 25868, 1, 2021/06/26, 22:20:38.689, 1807541156886, vstest.console.dll, AssemblyResolver.OnResolve: Microsoft.Bcl.AsyncInterfaces: Assembly path does not exist: 'C:\Program Files\dotnet\sdk\5.0.301\Extensions\Microsoft.Bcl.AsyncInterfaces.exe', returning.
TpTrace Information: 0 : 25868, 1, 2021/06/26, 22:20:38.689, 1807541157160, vstest.console.dll, AssemblyResolver.OnResolve: Microsoft.Bcl.AsyncInterfaces: Searching in: 'C:\Program Files\dotnet\sdk\5.0.301'.
TpTrace Information: 0 : 25868, 1, 2021/06/26, 22:20:38.690, 1807541157690, vstest.console.dll, AssemblyResolver.OnResolve: Microsoft.Bcl.AsyncInterfaces: Assembly path does not exist: 'C:\Program Files\dotnet\sdk\5.0.301\Microsoft.Bcl.AsyncInterfaces.dll', returning.
TpTrace Information: 0 : 25868, 1, 2021/06/26, 22:20:38.690, 1807541158557, vstest.console.dll, AssemblyResolver.OnResolve: Microsoft.Bcl.AsyncInterfaces: Assembly path does not exist: 'C:\Program Files\dotnet\sdk\5.0.301\Microsoft.Bcl.AsyncInterfaces.exe', returning.
TpTrace Information: 0 : 25868, 1, 2021/06/26, 22:20:38.690, 1807541158849, vstest.console.dll, AssemblyResolver.OnResolve: Microsoft.Bcl.AsyncInterfaces: Failed to load assembly.
TpTrace Verbose: 0 : 25868, 1, 2021/06/26, 22:20:38.690, 1807541159144, vstest.console.dll, CurrentDomainAssemblyResolve: Resolving assembly 'Microsoft.Bcl.AsyncInterfaces'.
TpTrace Information: 0 : 25868, 1, 2021/06/26, 22:20:38.690, 1807541159616, vstest.console.dll, AssemblyResolver.OnResolve: Microsoft.Bcl.AsyncInterfaces: Resolving assembly.
TpTrace Information: 0 : 25868, 1, 2021/06/26, 22:20:38.690, 1807541159914, vstest.console.dll, AssemblyResolver.OnResolve: Microsoft.Bcl.AsyncInterfaces: Resolved from cache.
TpTrace Verbose: 0 : 25868, 1, 2021/06/26, 22:20:38.690, 1807541160166, vstest.console.dll, CurrentDomainAssemblyResolve: Resolving assembly 'Microsoft.Bcl.AsyncInterfaces'.
TpTrace Verbose: 0 : 25868, 1, 2021/06/26, 22:20:38.690, 1807541160487, vstest.console.dll, CurrentDomainAssemblyResolve: Failed to resolve assembly 'Microsoft.Bcl.AsyncInterfaces'.
TpTrace Verbose: 0 : 25868, 1, 2021/06/26, 22:20:38.690, 1807541165519, vstest.console.dll, CurrentDomainAssemblyResolve: Failed to resolve assembly 'Microsoft.Bcl.AsyncInterfaces'.
TpTrace Warning: 0 : 25868, 1, 2021/06/26, 22:20:38.700, 1807541260516, vstest.console.dll, TestPluginDiscoverer: Failed to get types from assembly 'Microsoft.Diagnostics.NETCore.Client, Version=0.2.2.41902, Culture=neutral, PublicKeyToken=31bf3856ad364e35'.  Skipping test extension scan for this assembly.  Error: System.Reflection.ReflectionTypeLoadException: Unable to load one or more of the requested types.
Could not load file or assembly 'Microsoft.Bcl.AsyncInterfaces, Version=1.0.0.0, Culture=neutral, PublicKeyToken=cc7b13ffcd2ddd51'. The system cannot find the file specified.
   at System.Reflection.RuntimeModule.GetTypes(RuntimeModule module)
   at System.Reflection.RuntimeModule.GetTypes()
   at System.Reflection.Assembly.GetTypes()
   at Microsoft.VisualStudio.TestPlatform.Common.ExtensionFramework.TestPluginDiscoverer.GetTestExtensionsFromAssembly[TPluginInfo,TExtension](Assembly assembly, Dictionary`2 pluginInfos)
System.IO.FileNotFoundException: Could not load file or assembly 'Microsoft.Bcl.AsyncInterfaces, Version=1.0.0.0, Culture=neutral, PublicKeyToken=cc7b13ffcd2ddd51'. The system cannot find the file specified.
File name: 'Microsoft.Bcl.AsyncInterfaces, Version=1.0.0.0, Culture=neutral, PublicKeyToken=cc7b13ffcd2ddd51'
TpTrace Warning: 0 : 25868, 1, 2021/06/26, 22:20:38.700, 1807541261190, vstest.console.dll, LoaderExceptions: System.IO.FileNotFoundException: Could not load file or assembly 'Microsoft.Bcl.AsyncInterfaces, Version=1.0.0.0, Culture=neutral, PublicKeyToken=cc7b13ffcd2ddd51'. The system cannot find the file specified.
File name: 'Microsoft.Bcl.AsyncInterfaces, Version=1.0.0.0, Culture=neutral, PublicKeyToken=cc7b13ffcd2ddd51'
TpTrace Information: 0 : 25868, 1, 2021/06/26, 22:20:38.700, 1807541261882, vstest.console.dll, AssemblyResolver.OnResolve: Microsoft.TestPlatform.Extensions.BlameDataCollector: Resolving assembly.
TpTrace Information: 0 : 25868, 1, 2021/06/26, 22:20:38.700, 1807541262202, vstest.console.dll, AssemblyResolver.OnResolve: Microsoft.TestPlatform.Extensions.BlameDataCollector: Searching in: 'C:\Program Files\dotnet\sdk\5.0.301\Extensions'.
TpTrace Information: 0 : 25868, 1, 2021/06/26, 22:20:38.700, 1807541265427, vstest.console.dll, AssemblyResolver.OnResolve: Microsoft.TestPlatform.Extensions.BlameDataCollector: Loading assembly 'C:\Program Files\dotnet\sdk\5.0.301\Extensions\Microsoft.TestPlatform.Extensions.BlameDataCollector.dll'.
TpTrace Information: 0 : 25868, 1, 2021/06/26, 22:20:38.701, 1807541269633, vstest.console.dll, AssemblyResolver.OnResolve: Resolved assembly: Microsoft.TestPlatform.Extensions.BlameDataCollector, from path: C:\Program Files\dotnet\sdk\5.0.301\Extensions\Microsoft.TestPlatform.Extensions.BlameDataCollector.dll
TpTrace Information: 0 : 25868, 1, 2021/06/26, 22:20:38.701, 1807541273477, vstest.console.dll, AssemblyResolver.OnResolve: Microsoft.TestPlatform.Extensions.EventLogCollector: Resolving assembly.
TpTrace Information: 0 : 25868, 1, 2021/06/26, 22:20:38.701, 1807541273898, vstest.console.dll, AssemblyResolver.OnResolve: Microsoft.TestPlatform.Extensions.EventLogCollector: Searching in: 'C:\Program Files\dotnet\sdk\5.0.301\Extensions'.
TpTrace Information: 0 : 25868, 1, 2021/06/26, 22:20:38.701, 1807541276921, vstest.console.dll, AssemblyResolver.OnResolve: Microsoft.TestPlatform.Extensions.EventLogCollector: Loading assembly 'C:\Program Files\dotnet\sdk\5.0.301\Extensions\Microsoft.TestPlatform.Extensions.EventLogCollector.dll'.
TpTrace Information: 0 : 25868, 1, 2021/06/26, 22:20:38.702, 1807541280640, vstest.console.dll, AssemblyResolver.OnResolve: Resolved assembly: Microsoft.TestPlatform.Extensions.EventLogCollector, from path: C:\Program Files\dotnet\sdk\5.0.301\Extensions\Microsoft.TestPlatform.Extensions.EventLogCollector.dll
TpTrace Information: 0 : 25868, 1, 2021/06/26, 22:20:38.703, 1807541291566, vstest.console.dll, AssemblyResolver.OnResolve: Microsoft.TestPlatform.TestHostRuntimeProvider: Resolving assembly.
TpTrace Information: 0 : 25868, 1, 2021/06/26, 22:20:38.703, 1807541292010, vstest.console.dll, AssemblyResolver.OnResolve: Microsoft.TestPlatform.TestHostRuntimeProvider: Searching in: 'C:\Program Files\dotnet\sdk\5.0.301\Extensions'.
TpTrace Information: 0 : 25868, 1, 2021/06/26, 22:20:38.703, 1807541295159, vstest.console.dll, AssemblyResolver.OnResolve: Microsoft.TestPlatform.TestHostRuntimeProvider: Loading assembly 'C:\Program Files\dotnet\sdk\5.0.301\Extensions\Microsoft.TestPlatform.TestHostRuntimeProvider.dll'.
TpTrace Information: 0 : 25868, 1, 2021/06/26, 22:20:38.704, 1807541299093, vstest.console.dll, AssemblyResolver.OnResolve: Resolved assembly: Microsoft.TestPlatform.TestHostRuntimeProvider, from path: C:\Program Files\dotnet\sdk\5.0.301\Extensions\Microsoft.TestPlatform.TestHostRuntimeProvider.dll
TpTrace Information: 0 : 25868, 1, 2021/06/26, 22:20:38.704, 1807541306538, vstest.console.dll, AssemblyResolver.OnResolve: Microsoft.VisualStudio.TestPlatform.Extensions.Html.TestLogger: Resolving assembly.
TpTrace Information: 0 : 25868, 1, 2021/06/26, 22:20:38.704, 1807541306956, vstest.console.dll, AssemblyResolver.OnResolve: Microsoft.VisualStudio.TestPlatform.Extensions.Html.TestLogger: Searching in: 'C:\Program Files\dotnet\sdk\5.0.301\Extensions'.
TpTrace Information: 0 : 25868, 1, 2021/06/26, 22:20:38.705, 1807541309927, vstest.console.dll, AssemblyResolver.OnResolve: Microsoft.VisualStudio.TestPlatform.Extensions.Html.TestLogger: Loading assembly 'C:\Program Files\dotnet\sdk\5.0.301\Extensions\Microsoft.VisualStudio.TestPlatform.Extensions.Html.TestLogger.dll'.
TpTrace Information: 0 : 25868, 1, 2021/06/26, 22:20:38.705, 1807541313503, vstest.console.dll, AssemblyResolver.OnResolve: Resolved assembly: Microsoft.VisualStudio.TestPlatform.Extensions.Html.TestLogger, from path: C:\Program Files\dotnet\sdk\5.0.301\Extensions\Microsoft.VisualStudio.TestPlatform.Extensions.Html.TestLogger.dll
TpTrace Information: 0 : 25868, 1, 2021/06/26, 22:20:38.705, 1807541315431, vstest.console.dll, AssemblyResolver.OnResolve: Microsoft.VisualStudio.TestPlatform.Extensions.Trx.TestLogger: Resolving assembly.
TpTrace Information: 0 : 25868, 1, 2021/06/26, 22:20:38.705, 1807541315835, vstest.console.dll, AssemblyResolver.OnResolve: Microsoft.VisualStudio.TestPlatform.Extensions.Trx.TestLogger: Searching in: 'C:\Program Files\dotnet\sdk\5.0.301\Extensions'.
TpTrace Information: 0 : 25868, 1, 2021/06/26, 22:20:38.706, 1807541320194, vstest.console.dll, AssemblyResolver.OnResolve: Microsoft.VisualStudio.TestPlatform.Extensions.Trx.TestLogger: Loading assembly 'C:\Program Files\dotnet\sdk\5.0.301\Extensions\Microsoft.VisualStudio.TestPlatform.Extensions.Trx.TestLogger.dll'.
TpTrace Information: 0 : 25868, 1, 2021/06/26, 22:20:38.706, 1807541324444, vstest.console.dll, AssemblyResolver.OnResolve: Resolved assembly: Microsoft.VisualStudio.TestPlatform.Extensions.Trx.TestLogger, from path: C:\Program Files\dotnet\sdk\5.0.301\Extensions\Microsoft.VisualStudio.TestPlatform.Extensions.Trx.TestLogger.dll
TpTrace Verbose: 0 : 25868, 1, 2021/06/26, 22:20:38.707, 1807541327807, vstest.console.dll, TestPluginCache: Discovered the extensions using extension path ''.
TpTrace Verbose: 0 : 25868, 1, 2021/06/26, 22:20:38.707, 1807541328203, vstest.console.dll, TestPluginCache: Discoverers are ''.
TpTrace Verbose: 0 : 25868, 1, 2021/06/26, 22:20:38.707, 1807541328436, vstest.console.dll, TestPluginCache: Executors are ''.
TpTrace Verbose: 0 : 25868, 1, 2021/06/26, 22:20:38.707, 1807541328642, vstest.console.dll, TestPluginCache: Executors2 are ''.
TpTrace Verbose: 0 : 25868, 1, 2021/06/26, 22:20:38.707, 1807541328842, vstest.console.dll, TestPluginCache: Setting providers are ''.
TpTrace Verbose: 0 : 25868, 1, 2021/06/26, 22:20:38.707, 1807541329041, vstest.console.dll, TestPluginCache: Loggers are ''.
TpTrace Information: 0 : 25868, 1, 2021/06/26, 22:20:38.710, 1807541359022, vstest.console.dll, RunTestsArgumentProcessor:Execute: Test run is starting.
TpTrace Verbose: 0 : 25868, 1, 2021/06/26, 22:20:38.710, 1807541359449, vstest.console.dll, RunTestsArgumentProcessor:Execute: Queuing Test run.
TpTrace Information: 0 : 25868, 1, 2021/06/26, 22:20:38.710, 1807541360656, vstest.console.dll, TestRequestManager.RunTests: run tests started.
TpTrace Information: 0 : 25868, 1, 2021/06/26, 22:20:38.712, 1807541381327, vstest.console.dll, AssemblyMetadataProvider.GetFrameWork: Determined framework:'.NETCoreApp,Version=v5.0' for source: 'D:\Think bridge\Ecommerce-ProductModule-API\Product Module API\Inventory Management.Server.Tests\bin\Debug\net5.0\fine-code-coverage\build-output\Inventory Management.Server.Tests.dll'
TpTrace Information: 0 : 25868, 1, 2021/06/26, 22:20:38.712, 1807541382380, vstest.console.dll, Determined framework for all sources: .NETCoreApp,Version=v5.0
TpTrace Information: 0 : 25868, 1, 2021/06/26, 22:20:38.712, 1807541385406, vstest.console.dll, AssemblyMetadataProvider.GetArchitecture: Determined architecture:AnyCPU info for assembly: D:\Think bridge\Ecommerce-ProductModule-API\Product Module API\Inventory Management.Server.Tests\bin\Debug\net5.0\fine-code-coverage\build-output\Inventory Management.Server.Tests.dll
TpTrace Information: 0 : 25868, 1, 2021/06/26, 22:20:38.714, 1807541398115, vstest.console.dll, Determined platform for all sources: X64
TpTrace Information: 0 : 25868, 1, 2021/06/26, 22:20:38.715, 1807541416059, vstest.console.dll, Compatible sources list : 
TpTrace Information: 0 : 25868, 1, 2021/06/26, 22:20:38.715, 1807541416621, vstest.console.dll, D:\Think bridge\Ecommerce-ProductModule-API\Product Module API\Inventory Management.Server.Tests\bin\Debug\net5.0\fine-code-coverage\build-output\Inventory Management.Server.Tests.dll
TpTrace Information: 0 : 25868, 1, 2021/06/26, 22:20:38.717, 1807541430283, vstest.console.dll, InferRunSettingsHelper.IsTestSettingsEnabled: Unable to navigate to RunSettings/MSTest. Current node: RunSettings
TpTrace Information: 0 : 25868, 1, 2021/06/26, 22:20:38.717, 1807541435498, vstest.console.dll, AssemblyResolver.OnResolve: Microsoft.VisualStudio.TestPlatform.Fakes: Resolving assembly.
TpTrace Information: 0 : 25868, 1, 2021/06/26, 22:20:38.717, 1807541436237, vstest.console.dll, AssemblyResolver.OnResolve: Microsoft.VisualStudio.TestPlatform.Fakes: Searching in: 'C:\Program Files\dotnet\sdk\5.0.301\Extensions'.
TpTrace Information: 0 : 25868, 1, 2021/06/26, 22:20:38.717, 1807541437195, vstest.console.dll, AssemblyResolver.OnResolve: Microsoft.VisualStudio.TestPlatform.Fakes: Assembly path does not exist: 'C:\Program Files\dotnet\sdk\5.0.301\Extensions\Microsoft.VisualStudio.TestPlatform.Fakes.dll', returning.
TpTrace Information: 0 : 25868, 1, 2021/06/26, 22:20:38.718, 1807541437775, vstest.console.dll, AssemblyResolver.OnResolve: Microsoft.VisualStudio.TestPlatform.Fakes: Assembly path does not exist: 'C:\Program Files\dotnet\sdk\5.0.301\Extensions\Microsoft.VisualStudio.TestPlatform.Fakes.exe', returning.
TpTrace Information: 0 : 25868, 1, 2021/06/26, 22:20:38.718, 1807541438063, vstest.console.dll, AssemblyResolver.OnResolve: Microsoft.VisualStudio.TestPlatform.Fakes: Searching in: 'C:\Program Files\dotnet\sdk\5.0.301'.
TpTrace Information: 0 : 25868, 1, 2021/06/26, 22:20:38.718, 1807541438640, vstest.console.dll, AssemblyResolver.OnResolve: Microsoft.VisualStudio.TestPlatform.Fakes: Assembly path does not exist: 'C:\Program Files\dotnet\sdk\5.0.301\Microsoft.VisualStudio.TestPlatform.Fakes.dll', returning.
TpTrace Information: 0 : 25868, 1, 2021/06/26, 22:20:38.718, 1807541439222, vstest.console.dll, AssemblyResolver.OnResolve: Microsoft.VisualStudio.TestPlatform.Fakes: Assembly path does not exist: 'C:\Program Files\dotnet\sdk\5.0.301\Microsoft.VisualStudio.TestPlatform.Fakes.exe', returning.
TpTrace Information: 0 : 25868, 1, 2021/06/26, 22:20:38.718, 1807541439480, vstest.console.dll, AssemblyResolver.OnResolve: Microsoft.VisualStudio.TestPlatform.Fakes: Failed to load assembly.
TpTrace Information: 0 : 25868, 1, 2021/06/26, 22:20:38.718, 1807541442551, vstest.console.dll, Failed to create newly implemented Fakes Configurator. Reason:System.IO.FileNotFoundException: Could not load file or assembly 'Microsoft.VisualStudio.TestPlatform.Fakes, Version=16.0.0.0, Culture=neutral, PublicKeyToken=null'. The system cannot find the file specified.
File name: 'Microsoft.VisualStudio.TestPlatform.Fakes, Version=16.0.0.0, Culture=neutral, PublicKeyToken=null'
   at System.Reflection.RuntimeAssembly.InternalLoad(ObjectHandleOnStack assemblyName, ObjectHandleOnStack requestingAssembly, StackCrawlMarkHandle stackMark, Boolean throwOnFileNotFound, ObjectHandleOnStack assemblyLoadContext, ObjectHandleOnStack retAssembly)
   at System.Reflection.RuntimeAssembly.InternalLoad(AssemblyName assemblyName, RuntimeAssembly requestingAssembly, StackCrawlMark& stackMark, Boolean throwOnFileNotFound, AssemblyLoadContext assemblyLoadContext)
   at System.Reflection.Assembly.Load(AssemblyName assemblyRef)
   at Microsoft.VisualStudio.TestPlatform.Common.Utilities.FakesUtilities.TryGetFakesCrossPlatformDataCollectorConfigurator() 
TpTrace Verbose: 0 : 25868, 1, 2021/06/26, 22:20:38.721, 1807541468257, vstest.console.dll, TestPluginCache.DiscoverTestExtensions: finding test extensions in assemblies ends with: TestLogger.dll TPluginInfo: Microsoft.VisualStudio.TestPlatform.Common.ExtensionFramework.Utilities.TestLoggerPluginInformation TExtension: Microsoft.VisualStudio.TestPlatform.ObjectModel.Client.ITestLogger
TpTrace Verbose: 0 : 25868, 1, 2021/06/26, 22:20:38.721, 1807541468800, vstest.console.dll, TestPluginCache.GetExtensionPaths: Filtered extension paths: 
TpTrace Verbose: 0 : 25868, 1, 2021/06/26, 22:20:38.721, 1807541469089, vstest.console.dll, TestPluginCache.GetExtensionPaths: Added default extension paths: C:\Program Files\dotnet\sdk\5.0.301\Extensions\Microsoft.Diagnostics.NETCore.Client.dll
C:\Program Files\dotnet\sdk\5.0.301\Extensions\Microsoft.TestPlatform.Extensions.BlameDataCollector.dll
C:\Program Files\dotnet\sdk\5.0.301\Extensions\Microsoft.TestPlatform.Extensions.EventLogCollector.dll
C:\Program Files\dotnet\sdk\5.0.301\Extensions\Microsoft.TestPlatform.TestHostRuntimeProvider.dll
C:\Program Files\dotnet\sdk\5.0.301\Extensions\Microsoft.VisualStudio.TestPlatform.Extensions.Html.TestLogger.dll
C:\Program Files\dotnet\sdk\5.0.301\Extensions\Microsoft.VisualStudio.TestPlatform.Extensions.Trx.TestLogger.dll
TpTrace Verbose: 0 : 25868, 1, 2021/06/26, 22:20:38.721, 1807541469382, vstest.console.dll, TestPluginCache.GetExtensionPaths: Added unfilterableExtensionPaths: 
TpTrace Information: 0 : 25868, 1, 2021/06/26, 22:20:38.721, 1807541470366, vstest.console.dll, AssemblyResolver.AddSearchDirectories: Adding more searchDirectories C:\Program Files\dotnet\sdk\5.0.301\Extensions,C:\Program Files\dotnet\sdk\5.0.301
TpTrace Verbose: 0 : 25868, 1, 2021/06/26, 22:20:38.721, 1807541470730, vstest.console.dll, TestPluginCache.DiscoverTestExtensions: Discovering the extensions using extension path.
TpTrace Verbose: 0 : 25868, 1, 2021/06/26, 22:20:38.721, 1807541471029, vstest.console.dll, TestPluginCache.GetExtensionPaths: Filtered extension paths: 
TpTrace Verbose: 0 : 25868, 1, 2021/06/26, 22:20:38.721, 1807541471268, vstest.console.dll, TestPluginCache.GetExtensionPaths: Added default extension paths: C:\Program Files\dotnet\sdk\5.0.301\Extensions\Microsoft.Diagnostics.NETCore.Client.dll
C:\Program Files\dotnet\sdk\5.0.301\Extensions\Microsoft.TestPlatform.Extensions.BlameDataCollector.dll
C:\Program Files\dotnet\sdk\5.0.301\Extensions\Microsoft.TestPlatform.Extensions.EventLogCollector.dll
C:\Program Files\dotnet\sdk\5.0.301\Extensions\Microsoft.TestPlatform.TestHostRuntimeProvider.dll
C:\Program Files\dotnet\sdk\5.0.301\Extensions\Microsoft.VisualStudio.TestPlatform.Extensions.Html.TestLogger.dll
C:\Program Files\dotnet\sdk\5.0.301\Extensions\Microsoft.VisualStudio.TestPlatform.Extensions.Trx.TestLogger.dll
TpTrace Verbose: 0 : 25868, 1, 2021/06/26, 22:20:38.721, 1807541471509, vstest.console.dll, TestPluginCache.GetExtensionPaths: Added unfilterableExtensionPaths: 
TpTrace Verbose: 0 : 25868, 1, 2021/06/26, 22:20:38.721, 1807541471775, vstest.console.dll, TestPluginCache.DiscoverTestExtensions: Discovering the extensions using allExtensionPaths: C:\Program Files\dotnet\sdk\5.0.301\Extensions\Microsoft.Diagnostics.NETCore.Client.dll
C:\Program Files\dotnet\sdk\5.0.301\Extensions\Microsoft.TestPlatform.Extensions.BlameDataCollector.dll
C:\Program Files\dotnet\sdk\5.0.301\Extensions\Microsoft.TestPlatform.Extensions.EventLogCollector.dll
C:\Program Files\dotnet\sdk\5.0.301\Extensions\Microsoft.TestPlatform.TestHostRuntimeProvider.dll
C:\Program Files\dotnet\sdk\5.0.301\Extensions\Microsoft.VisualStudio.TestPlatform.Extensions.Html.TestLogger.dll
C:\Program Files\dotnet\sdk\5.0.301\Extensions\Microsoft.VisualStudio.TestPlatform.Extensions.Trx.TestLogger.dll
TpTrace Information: 0 : 25868, 1, 2021/06/26, 22:20:38.721, 1807541472165, vstest.console.dll, AssemblyResolver.AddSearchDirectories: Adding more searchDirectories C:\Program Files\dotnet\sdk\5.0.301\Extensions,C:\Program Files\dotnet\sdk\5.0.301
TpTrace Information: 0 : 25868, 1, 2021/06/26, 22:20:38.721, 1807541472442, vstest.console.dll, AssemblyResolver.AddSearchDirectories: Adding more searchDirectories C:\Program Files\dotnet\sdk\5.0.301\Extensions,C:\Program Files\dotnet\sdk\5.0.301
TpTrace Information: 0 : 25868, 1, 2021/06/26, 22:20:38.721, 1807541472698, vstest.console.dll, AssemblyResolver.AddSearchDirectories: Adding more searchDirectories C:\Program Files\dotnet\sdk\5.0.301\Extensions,C:\Program Files\dotnet\sdk\5.0.301
TpTrace Information: 0 : 25868, 1, 2021/06/26, 22:20:38.721, 1807541472933, vstest.console.dll, AssemblyResolver.AddSearchDirectories: Adding more searchDirectories C:\Program Files\dotnet\sdk\5.0.301\Extensions,C:\Program Files\dotnet\sdk\5.0.301
TpTrace Information: 0 : 25868, 1, 2021/06/26, 22:20:38.721, 1807541473206, vstest.console.dll, AssemblyResolver.AddSearchDirectories: Adding more searchDirectories C:\Program Files\dotnet\sdk\5.0.301\Extensions,C:\Program Files\dotnet\sdk\5.0.301
TpTrace Information: 0 : 25868, 1, 2021/06/26, 22:20:38.721, 1807541473441, vstest.console.dll, AssemblyResolver.AddSearchDirectories: Adding more searchDirectories C:\Program Files\dotnet\sdk\5.0.301\Extensions,C:\Program Files\dotnet\sdk\5.0.301
TpTrace Information: 0 : 25868, 1, 2021/06/26, 22:20:38.721, 1807541475072, vstest.console.dll, AssemblyResolver.OnResolve: Microsoft.Bcl.AsyncInterfaces: Resolving assembly.
TpTrace Information: 0 : 25868, 1, 2021/06/26, 22:20:38.721, 1807541475433, vstest.console.dll, AssemblyResolver.OnResolve: Microsoft.Bcl.AsyncInterfaces: Resolved from cache.
TpTrace Verbose: 0 : 25868, 1, 2021/06/26, 22:20:38.721, 1807541475688, vstest.console.dll, CurrentDomainAssemblyResolve: Resolving assembly 'Microsoft.Bcl.AsyncInterfaces'.
TpTrace Information: 0 : 25868, 1, 2021/06/26, 22:20:38.721, 1807541476101, vstest.console.dll, AssemblyResolver.OnResolve: Microsoft.Bcl.AsyncInterfaces: Resolving assembly.
TpTrace Information: 0 : 25868, 1, 2021/06/26, 22:20:38.721, 1807541476365, vstest.console.dll, AssemblyResolver.OnResolve: Microsoft.Bcl.AsyncInterfaces: Resolved from cache.
TpTrace Verbose: 0 : 25868, 1, 2021/06/26, 22:20:38.721, 1807541476603, vstest.console.dll, CurrentDomainAssemblyResolve: Resolving assembly 'Microsoft.Bcl.AsyncInterfaces'.
TpTrace Verbose: 0 : 25868, 1, 2021/06/26, 22:20:38.721, 1807541476818, vstest.console.dll, CurrentDomainAssemblyResolve: Failed to resolve assembly 'Microsoft.Bcl.AsyncInterfaces'.
TpTrace Verbose: 0 : 25868, 1, 2021/06/26, 22:20:38.722, 1807541477813, vstest.console.dll, CurrentDomainAssemblyResolve: Failed to resolve assembly 'Microsoft.Bcl.AsyncInterfaces'.
TpTrace Warning: 0 : 25868, 1, 2021/06/26, 22:20:38.722, 1807541479644, vstest.console.dll, TestPluginDiscoverer: Failed to get types from assembly 'Microsoft.Diagnostics.NETCore.Client, Version=0.2.2.41902, Culture=neutral, PublicKeyToken=31bf3856ad364e35'.  Skipping test extension scan for this assembly.  Error: System.Reflection.ReflectionTypeLoadException: Unable to load one or more of the requested types.
Could not load file or assembly 'Microsoft.Bcl.AsyncInterfaces, Version=1.0.0.0, Culture=neutral, PublicKeyToken=cc7b13ffcd2ddd51'. The system cannot find the file specified.
   at System.Reflection.RuntimeModule.GetTypes(RuntimeModule module)
   at System.Reflection.RuntimeModule.GetTypes()
   at System.Reflection.Assembly.GetTypes()
   at Microsoft.VisualStudio.TestPlatform.Common.ExtensionFramework.TestPluginDiscoverer.GetTestExtensionsFromAssembly[TPluginInfo,TExtension](Assembly assembly, Dictionary`2 pluginInfos)
System.IO.FileNotFoundException: Could not load file or assembly 'Microsoft.Bcl.AsyncInterfaces, Version=1.0.0.0, Culture=neutral, PublicKeyToken=cc7b13ffcd2ddd51'. The system cannot find the file specified.
File name: 'Microsoft.Bcl.AsyncInterfaces, Version=1.0.0.0, Culture=neutral, PublicKeyToken=cc7b13ffcd2ddd51'
TpTrace Warning: 0 : 25868, 1, 2021/06/26, 22:20:38.722, 1807541480044, vstest.console.dll, LoaderExceptions: System.IO.FileNotFoundException: Could not load file or assembly 'Microsoft.Bcl.AsyncInterfaces, Version=1.0.0.0, Culture=neutral, PublicKeyToken=cc7b13ffcd2ddd51'. The system cannot find the file specified.
File name: 'Microsoft.Bcl.AsyncInterfaces, Version=1.0.0.0, Culture=neutral, PublicKeyToken=cc7b13ffcd2ddd51'
TpTrace Verbose: 0 : 25868, 1, 2021/06/26, 22:20:38.722, 1807541482694, vstest.console.dll, TestPluginCache: Discovered the extensions using extension path ''.
TpTrace Verbose: 0 : 25868, 1, 2021/06/26, 22:20:38.722, 1807541483026, vstest.console.dll, TestPluginCache: Discoverers are ''.
TpTrace Verbose: 0 : 25868, 1, 2021/06/26, 22:20:38.722, 1807541483244, vstest.console.dll, TestPluginCache: Executors are ''.
TpTrace Verbose: 0 : 25868, 1, 2021/06/26, 22:20:38.722, 1807541483488, vstest.console.dll, TestPluginCache: Executors2 are ''.
TpTrace Verbose: 0 : 25868, 1, 2021/06/26, 22:20:38.722, 1807541483689, vstest.console.dll, TestPluginCache: Setting providers are ''.
TpTrace Verbose: 0 : 25868, 1, 2021/06/26, 22:20:38.722, 1807541484159, vstest.console.dll, TestPluginCache: Loggers are 'logger://Microsoft/TestPlatform/Extensions/Blame/v1,logger://Microsoft/TestPlatform/HtmlLogger/v1,logger://Microsoft/TestPlatform/TrxLogger/v1'.
TpTrace Information: 0 : 25868, 1, 2021/06/26, 22:20:38.723, 1807541488498, vstest.console.dll, TestPluginManager.CreateTestExtension: Attempting to load test extension: Microsoft.TestPlatform.Extensions.BlameDataCollector.BlameLogger
TpTrace Information: 0 : 25868, 1, 2021/06/26, 22:20:38.729, 1807541547401, vstest.console.dll, TestPluginManager.CreateTestExtension: Attempting to load test extension: Microsoft.VisualStudio.TestPlatform.CrossPlatEngine.Hosting.DefaultTestHostManager
TpTrace Information: 0 : 25868, 1, 2021/06/26, 22:20:38.729, 1807541549286, vstest.console.dll, TestPluginManager.CreateTestExtension: Attempting to load test extension: Microsoft.VisualStudio.TestPlatform.CrossPlatEngine.Hosting.DotnetTestHostManager
TpTrace Verbose: 0 : 25868, 1, 2021/06/26, 22:20:38.729, 1807541552826, vstest.console.dll, TestEngine: Initializing Parallel Execution as MaxCpuCount is set to: 1
TpTrace Information: 0 : 25868, 1, 2021/06/26, 22:20:38.729, 1807541556234, vstest.console.dll, InferRunSettingsHelper.IsTestSettingsEnabled: Unable to navigate to RunSettings/MSTest. Current node: RunSettings
TpTrace Verbose: 0 : 25868, 1, 2021/06/26, 22:20:38.738, 1807541642712, vstest.console.dll, TestRequestSender is acting as server
TpTrace Verbose: 0 : 25868, 4, 2021/06/26, 22:20:38.740, 1807541665680, vstest.console.dll, DataCollectionRequestSender.InitializeCommunication : Initialize communication. 
TpTrace Information: 0 : 25868, 4, 2021/06/26, 22:20:38.748, 1807541738619, vstest.console.dll, Listening on Endpoint : 127.0.0.1:50788
TpTrace Verbose: 0 : 25868, 4, 2021/06/26, 22:20:38.756, 1807541819996, vstest.console.dll, DotnetDataCollectionLauncher: Full path of dotnet.exe is C:\Program Files\dotnet\dotnet.exe
TpTrace Verbose: 0 : 25868, 4, 2021/06/26, 22:20:38.756, 1807541821211, vstest.console.dll, DotnetDataCollectionLauncher: Adding  --runtimeconfig "C:\Program Files\dotnet\sdk\5.0.301\datacollector.runtimeconfig.json" in args
TpTrace Verbose: 0 : 25868, 4, 2021/06/26, 22:20:38.756, 1807541821908, vstest.console.dll, DotnetDataCollectionLauncher: Adding  --depsfile "C:\Program Files\dotnet\sdk\5.0.301\datacollector.deps.json" in args
TpTrace Information: 0 : 25868, 4, 2021/06/26, 22:20:38.762, 1807541878138, vstest.console.dll, ProxyDataCollectionManager.Initialize: Launched datacollector processId: 26920 port: 50788
TpTrace Information: 0 : 25868, 4, 2021/06/26, 22:20:38.762, 1807541880000, vstest.console.dll, ProxyDataCollectionManager.Initialize: waiting for connection with timeout: 90 seconds
TpTrace Verbose: 0 : 25868, 4, 2021/06/26, 22:20:38.762, 1807541880681, vstest.console.dll, DataCollectionRequestSender.WaitForRequestHandlerConnection : Waiting for connection with timeout: 90000
TpTrace Information: 0 : 25868, 7, 2021/06/26, 22:20:38.877, 1807543028634, vstest.console.dll, Using the buffer size of 16384 bytes
TpTrace Information: 0 : 25868, 7, 2021/06/26, 22:20:38.877, 1807543029215, vstest.console.dll, Accepted Client request and set the flag
TpTrace Verbose: 0 : 25868, 4, 2021/06/26, 22:20:38.877, 1807543029368, vstest.console.dll, ProxyDataCollectionManager.InvokeDataCollectionServiceAction: Starting.
TpTrace Information: 0 : 25868, 4, 2021/06/26, 22:20:38.877, 1807543030078, vstest.console.dll, ProxyDataCollectionManager.BeforeTestRunStart: Get environment variable and port for datacollector processId: 26920 port: 50788
TpTrace Verbose: 0 : 25868, 4, 2021/06/26, 22:20:38.877, 1807543030809, vstest.console.dll, DataCollectionRequestSender.SendBeforeTestRunStartAndGetResult : Send BeforeTestRunStart message with settingsXml <RunSettings><RunConfiguration><ResultsDirectory>D:\Think bridge\Ecommerce-ProductModule-API\Product Module API\Inventory Management.Server.Tests\bin\Debug\net5.0\fine-code-coverage\coverage-tool-output</ResultsDirectory><TargetPlatform>X64</TargetPlatform><TargetFrameworkVersion>.NETCoreApp,Version=v5.0</TargetFrameworkVersion><DesignMode>False</DesignMode><CollectSourceInformation>False</CollectSourceInformation><TestAdaptersPaths>C:\Program Files\dotnet\sdk\5.0.301\Extensions</TestAdaptersPaths></RunConfiguration><LoggerRunSettings><Loggers><Logger friendlyName="blame" enabled="True" /><Logger friendlyName="Console" uri="logger://microsoft/TestPlatform/ConsoleLogger/v1" assemblyQualifiedName="Microsoft.VisualStudio.TestPlatform.CommandLine.Internal.ConsoleLogger, vstest.console, Version=15.0.0.0, Culture=neutral, PublicKeyToken=b03f5f7f11d50a3a" codeBase="C:\Program Files\dotnet\sdk\5.0.301\vstest.console.dll" enabled="True" /></Loggers></LoggerRunSettings><DataCollectionRunSettings><DataCollectors><DataCollector friendlyName="blame" enabled="True"><Configuration><ResultsDirectory>D:\Think bridge\Ecommerce-ProductModule-API\Product Module API\Inventory Management.Server.Tests\bin\Debug\net5.0\fine-code-coverage\coverage-tool-output</ResultsDirectory></Configuration></DataCollector></DataCollectors></DataCollectionRunSettings></RunSettings> and sources System.Linq.Enumerable+Concat2Iterator`1[System.String]: 
TpTrace Verbose: 0 : 25868, 4, 2021/06/26, 22:20:38.925, 1807543512832, vstest.console.dll, DataCollectionRequestSender.SendBeforeTestRunStartAndGetResult : Received message: (DataCollection.SendMessage) -> {
  "FriendlyName": null,
  "Uri": null,
  "TestCaseId": "00000000-0000-0000-0000-000000000000",
  "Message": "Logging DataCollector Diagnostics in file: D:\\Think bridge\\Ecommerce-ProductModule-API\\Product Module API\\Inventory Management.Server.Tests\\bin\\Debug\\net5.0\\fine-code-coverage\\coverage-tool-output\\diagnostics.datacollector.21-06-26_22-20-38_75309_4.log",
  "Level": 0
}
TpTrace Verbose: 0 : 25868, 4, 2021/06/26, 22:20:38.969, 1807543956300, vstest.console.dll, DataCollectionRequestSender.SendBeforeTestRunStartAndGetResult : Received message: (DataCollection.BeforeTestRunStartResult) -> {
  "EnvironmentVariables": {},
  "DataCollectionEventsPort": 50790
}
TpTrace Information: 0 : 25868, 4, 2021/06/26, 22:20:38.972, 1807543982127, vstest.console.dll, ProxyDataCollectionManager.BeforeTestRunStart: SendBeforeTestRunStartAndGetResult successful, env variable from datacollector:   and testhost port: 50790
TpTrace Information: 0 : 25868, 4, 2021/06/26, 22:20:38.972, 1807543982628, vstest.console.dll, ProxyDataCollectionManager.InvokeDataCollectionServiceAction: Completed.
TpTrace Verbose: 0 : 25868, 1, 2021/06/26, 22:20:38.972, 1807543983511, vstest.console.dll, TestRunRequest.ExecuteAsync: Creating test run request.
TpTrace Verbose: 0 : 25868, 1, 2021/06/26, 22:20:38.972, 1807543985290, vstest.console.dll, TestRunRequest.ExecuteAsync: Starting.
TpTrace Information: 0 : 25868, 1, 2021/06/26, 22:20:38.972, 1807543987157, vstest.console.dll, TestRunRequest.ExecuteAsync: Starting run with settings:TestRunCriteria:
   KeepAlive=False,FrequencyOfRunStatsChangeEvent=10,RunStatsChangeEventTimeout=00:00:01.5000000,TestCaseFilter=,TestExecutorLauncher=
   Settingsxml=<RunSettings>
  <RunConfiguration>
    <ResultsDirectory>D:\Think bridge\Ecommerce-ProductModule-API\Product Module API\Inventory Management.Server.Tests\bin\Debug\net5.0\fine-code-coverage\coverage-tool-output</ResultsDirectory>
    <TargetPlatform>X64</TargetPlatform>
    <TargetFrameworkVersion>.NETCoreApp,Version=v5.0</TargetFrameworkVersion>
    <DesignMode>False</DesignMode>
    <CollectSourceInformation>False</CollectSourceInformation>
  </RunConfiguration>
  <LoggerRunSettings>
    <Loggers>
      <Logger friendlyName="blame" enabled="True" />
      <Logger friendlyName="Console" uri="logger://microsoft/TestPlatform/ConsoleLogger/v1" assemblyQualifiedName="Microsoft.VisualStudio.TestPlatform.CommandLine.Internal.ConsoleLogger, vstest.console, Version=15.0.0.0, Culture=neutral, PublicKeyToken=b03f5f7f11d50a3a" codeBase="C:\Program Files\dotnet\sdk\5.0.301\vstest.console.dll" enabled="True" />
    </Loggers>
  </LoggerRunSettings>
  <DataCollectionRunSettings>
    <DataCollectors>
      <DataCollector friendlyName="blame" enabled="True">
        <Configuration>
          <ResultsDirectory>D:\Think bridge\Ecommerce-ProductModule-API\Product Module API\Inventory Management.Server.Tests\bin\Debug\net5.0\fine-code-coverage\coverage-tool-output</ResultsDirectory>
        </Configuration>
      </DataCollector>
    </DataCollectors>
  </DataCollectionRunSettings>
</RunSettings>

TpTrace Verbose: 0 : 25868, 1, 2021/06/26, 22:20:38.973, 1807543987572, vstest.console.dll, TestRunRequest.ExecuteAsync: Wait for the first run request is over.
TpTrace Verbose: 0 : 25868, 1, 2021/06/26, 22:20:38.973, 1807543990349, vstest.console.dll, ParallelProxyExecutionManager: Start execution. Total sources: 1
TpTrace Information: 0 : 25868, 1, 2021/06/26, 22:20:38.973, 1807543994609, vstest.console.dll, ProxyParallelExecutionManager: Triggering test run for next source: D:\Think bridge\Ecommerce-ProductModule-API\Product Module API\Inventory Management.Server.Tests\bin\Debug\net5.0\fine-code-coverage\build-output\Inventory Management.Server.Tests.dll
TpTrace Verbose: 0 : 25868, 1, 2021/06/26, 22:20:38.973, 1807543995987, vstest.console.dll, ProxyParallelExecutionManager: No sources available for execution.
TpTrace Verbose: 0 : 25868, 6, 2021/06/26, 22:20:38.973, 1807543996109, vstest.console.dll, ParallelProxyExecutionManager: Execution started. Started clients: 1
TpTrace Information: 0 : 25868, 1, 2021/06/26, 22:20:38.973, 1807543996355, vstest.console.dll, TestRunRequest.ExecuteAsync: Started.
TpTrace Verbose: 0 : 25868, 1, 2021/06/26, 22:20:38.974, 1807543997374, vstest.console.dll, TestRunRequest.WaitForCompletion: Waiting with timeout -1.
TpTrace Verbose: 0 : 25868, 6, 2021/06/26, 22:20:38.974, 1807543998347, vstest.console.dll, TestRunRequest:SendTestRunMessage: Starting.
TpTrace Information: 0 : 25868, 6, 2021/06/26, 22:20:38.974, 1807543999141, vstest.console.dll, TestRunRequest:SendTestRunMessage: Completed.
TpTrace Verbose: 0 : 25868, 6, 2021/06/26, 22:20:38.974, 1807544000508, vstest.console.dll, ProxyExecutionManager: Test host is always Lazy initialize.
TpTrace Verbose: 0 : 25868, 6, 2021/06/26, 22:20:38.974, 1807544002171, vstest.console.dll, TestRequestSender.InitializeCommunication: initialize communication. 
TpTrace Information: 0 : 25868, 6, 2021/06/26, 22:20:38.974, 1807544005685, vstest.console.dll, SocketServer.Start: Listening on endpoint : 127.0.0.1:50791
TpTrace Verbose: 0 : 25868, 6, 2021/06/26, 22:20:38.975, 1807544010191, vstest.console.dll, DotnetTestHostmanager: Adding  --runtimeconfig "D:\Think bridge\Ecommerce-ProductModule-API\Product Module API\Inventory Management.Server.Tests\bin\Debug\net5.0\fine-code-coverage\build-output\Inventory Management.Server.Tests.runtimeconfig.json" in args
TpTrace Verbose: 0 : 25868, 6, 2021/06/26, 22:20:38.975, 1807544010800, vstest.console.dll, DotnetTestHostmanager: Adding  --depsfile "D:\Think bridge\Ecommerce-ProductModule-API\Product Module API\Inventory Management.Server.Tests\bin\Debug\net5.0\fine-code-coverage\build-output\Inventory Management.Server.Tests.deps.json" in args
TpTrace Verbose: 0 : 25868, 6, 2021/06/26, 22:20:38.975, 1807544012002, vstest.console.dll, DotnetTestHostManager: Testhost.exe/testhost.x86.exe found at path: D:\Think bridge\Ecommerce-ProductModule-API\Product Module API\Inventory Management.Server.Tests\bin\Debug\net5.0\fine-code-coverage\build-output\testhost.exe
TpTrace Verbose: 0 : 25868, 6, 2021/06/26, 22:20:38.975, 1807544012365, vstest.console.dll, DotnetTestHostmanager: Full path of host exe is D:\Think bridge\Ecommerce-ProductModule-API\Product Module API\Inventory Management.Server.Tests\bin\Debug\net5.0\fine-code-coverage\build-output\testhost.exe
TpTrace Verbose: 0 : 25868, 4, 2021/06/26, 22:20:38.976, 1807544018706, vstest.console.dll, DotnetTestHostManager: Starting process 'D:\Think bridge\Ecommerce-ProductModule-API\Product Module API\Inventory Management.Server.Tests\bin\Debug\net5.0\fine-code-coverage\build-output\testhost.exe' with command line ' --runtimeconfig "D:\Think bridge\Ecommerce-ProductModule-API\Product Module API\Inventory Management.Server.Tests\bin\Debug\net5.0\fine-code-coverage\build-output\Inventory Management.Server.Tests.runtimeconfig.json" --depsfile "D:\Think bridge\Ecommerce-ProductModule-API\Product Module API\Inventory Management.Server.Tests\bin\Debug\net5.0\fine-code-coverage\build-output\Inventory Management.Server.Tests.deps.json" --port 50791 --endpoint 127.0.0.1:050791 --role client --parentprocessid 25868 --diag "D:\Think bridge\Ecommerce-ProductModule-API\Product Module API\Inventory Management.Server.Tests\bin\Debug\net5.0\fine-code-coverage\coverage-tool-output\diagnostics.host.21-06-26_22-20-38_97506_6.log" --tracelevel 4 --datacollectionport 50790 --telemetryoptedin false'
TpTrace Verbose: 0 : 25868, 4, 2021/06/26, 22:20:39.011, 1807544369393, vstest.console.dll, Test Runtime launched
TpTrace Verbose: 0 : 25868, 6, 2021/06/26, 22:20:39.011, 1807544375278, vstest.console.dll, TestRequestSender.WaitForRequestHandlerConnection: waiting for connection with timeout: 90000
TpTrace Verbose: 0 : 25868, 14, 2021/06/26, 22:20:39.170, 1807545958935, vstest.console.dll, SocketServer.OnClientConnected: Client connected for endPoint: 127.0.0.1:50791, starting MessageLoopAsync:
TpTrace Verbose: 0 : 25868, 14, 2021/06/26, 22:20:39.170, 1807545960763, vstest.console.dll, TcpClientExtensions.MessageLoopAsync: Polling on remoteEndPoint: 127.0.0.1:50792 localEndPoint: 127.0.0.1:50791
TpTrace Verbose: 0 : 25868, 14, 2021/06/26, 22:20:39.272, 1807546982365, vstest.console.dll, TcpClientExtensions.MessageLoopAsync: NotifyDataAvailable remoteEndPoint: 127.0.0.1:50792 localEndPoint: 127.0.0.1:50791
TpTrace Verbose: 0 : 25868, 14, 2021/06/26, 22:20:39.272, 1807546984164, vstest.console.dll, TestRequestSender.CheckVersionWithTestHost: onMessageReceived received message: (ProtocolVersion) -> 5
TpTrace Verbose: 0 : 25868, 14, 2021/06/26, 22:20:39.272, 1807546986739, vstest.console.dll, TcpClientExtensions.MessageLoopAsync: Polling on remoteEndPoint: 127.0.0.1:50792 localEndPoint: 127.0.0.1:50791
TpTrace Verbose: 0 : 25868, 6, 2021/06/26, 22:20:39.273, 1807546987691, vstest.console.dll, TestPluginCache.GetExtensionPaths: Filtered extension paths: 
TpTrace Verbose: 0 : 25868, 6, 2021/06/26, 22:20:39.273, 1807546988259, vstest.console.dll, TestPluginCache.GetExtensionPaths: Added default extension paths: C:\Program Files\dotnet\sdk\5.0.301\Extensions\Microsoft.Diagnostics.NETCore.Client.dll
C:\Program Files\dotnet\sdk\5.0.301\Extensions\Microsoft.TestPlatform.Extensions.BlameDataCollector.dll
C:\Program Files\dotnet\sdk\5.0.301\Extensions\Microsoft.TestPlatform.Extensions.EventLogCollector.dll
C:\Program Files\dotnet\sdk\5.0.301\Extensions\Microsoft.TestPlatform.TestHostRuntimeProvider.dll
C:\Program Files\dotnet\sdk\5.0.301\Extensions\Microsoft.VisualStudio.TestPlatform.Extensions.Html.TestLogger.dll
C:\Program Files\dotnet\sdk\5.0.301\Extensions\Microsoft.VisualStudio.TestPlatform.Extensions.Trx.TestLogger.dll
TpTrace Verbose: 0 : 25868, 6, 2021/06/26, 22:20:39.273, 1807546988606, vstest.console.dll, TestPluginCache.GetExtensionPaths: Added unfilterableExtensionPaths: 
TpTrace Verbose: 0 : 25868, 6, 2021/06/26, 22:20:39.275, 1807547012439, vstest.console.dll, TestRequestSender.InitializeExecution: Sending initializing execution with message: {"Version":5,"MessageType":"TestExecution.Initialize","Payload":["D:\\Think bridge\\Ecommerce-ProductModule-API\\Product Module API\\Inventory Management.Server.Tests\\bin\\Debug\\net5.0\\fine-code-coverage\\build-output\\xunit.runner.visualstudio.dotnetcore.testadapter.dll"]}
TpTrace Verbose: 0 : 25868, 14, 2021/06/26, 22:20:39.280, 1807547057581, vstest.console.dll, TcpClientExtensions.MessageLoopAsync: NotifyDataAvailable remoteEndPoint: 127.0.0.1:50792 localEndPoint: 127.0.0.1:50791
TpTrace Verbose: 0 : 25868, 14, 2021/06/26, 22:20:39.280, 1807547058499, vstest.console.dll, TestRequestSender.OnExecutionMessageReceived: Received message: {"Version":5,"MessageType":"TestSession.Message","Payload":{"MessageLevel":0,"Message":"Logging TestHost Diagnostics in file: D:\\Think bridge\\Ecommerce-ProductModule-API\\Product Module API\\Inventory Management.Server.Tests\\bin\\Debug\\net5.0\\fine-code-coverage\\coverage-tool-output\\diagnostics.host.21-06-26_22-20-38_97506_6.log"}}
TpTrace Verbose: 0 : 25868, 6, 2021/06/26, 22:20:39.280, 1807547067056, vstest.console.dll, TestRequestSender.StartTestRun: Sending test run with message: {"Version":5,"MessageType":"TestExecution.StartWithSources","Payload":{"AdapterSourceMap":{"_none_":["D:\\Think bridge\\Ecommerce-ProductModule-API\\Product Module API\\Inventory Management.Server.Tests\\bin\\Debug\\net5.0\\fine-code-coverage\\build-output\\Inventory Management.Server.Tests.dll"]},"RunSettings":"<RunSettings>\r\n  <RunConfiguration>\r\n    <ResultsDirectory>D:\\Think bridge\\Ecommerce-ProductModule-API\\Product Module API\\Inventory Management.Server.Tests\\bin\\Debug\\net5.0\\fine-code-coverage\\coverage-tool-output</ResultsDirectory>\r\n    <TargetPlatform>X64</TargetPlatform>\r\n    <TargetFrameworkVersion>.NETCoreApp,Version=v5.0</TargetFrameworkVersion>\r\n    <DesignMode>False</DesignMode>\r\n    <CollectSourceInformation>False</CollectSourceInformation>\r\n  </RunConfiguration>\r\n  <LoggerRunSettings>\r\n    <Loggers>\r\n      <Logger friendlyName=\"blame\" enabled=\"True\" />\r\n      <Logger friendlyName=\"Console\" uri=\"logger://microsoft/TestPlatform/ConsoleLogger/v1\" assemblyQualifiedName=\"Microsoft.VisualStudio.TestPlatform.CommandLine.Internal.ConsoleLogger, vstest.console, Version=15.0.0.0, Culture=neutral, PublicKeyToken=b03f5f7f11d50a3a\" codeBase=\"C:\\Program Files\\dotnet\\sdk\\5.0.301\\vstest.console.dll\" enabled=\"True\" />\r\n    </Loggers>\r\n  </LoggerRunSettings>\r\n  <DataCollectionRunSettings>\r\n    <DataCollectors>\r\n      <DataCollector friendlyName=\"blame\" enabled=\"True\">\r\n        <Configuration>\r\n          <ResultsDirectory>D:\\Think bridge\\Ecommerce-ProductModule-API\\Product Module API\\Inventory Management.Server.Tests\\bin\\Debug\\net5.0\\fine-code-coverage\\coverage-tool-output</ResultsDirectory>\r\n        </Configuration>\r\n      </DataCollector>\r\n    </DataCollectors>\r\n  </DataCollectionRunSettings>\r\n</RunSettings>","TestExecutionContext":{"FrequencyOfRunStatsChangeEvent":10,"RunStatsChangeEventTimeout":"00:00:01.5000000","InIsolation":false,"KeepAlive":false,"AreTestCaseLevelEventsRequired":false,"IsDebug":false,"TestCaseFilter":null,"FilterOptions":null},"Package":null}}
TpTrace Verbose: 0 : 25868, 14, 2021/06/26, 22:20:39.281, 1807547071858, vstest.console.dll, TestRunRequest:SendTestRunMessage: Starting.
TpTrace Information: 0 : 25868, 14, 2021/06/26, 22:20:39.281, 1807547072471, vstest.console.dll, TestRunRequest:SendTestRunMessage: Completed.
TpTrace Verbose: 0 : 25868, 14, 2021/06/26, 22:20:39.281, 1807547072785, vstest.console.dll, TcpClientExtensions.MessageLoopAsync: Polling on remoteEndPoint: 127.0.0.1:50792 localEndPoint: 127.0.0.1:50791
TpTrace Verbose: 0 : 25868, 14, 2021/06/26, 22:20:39.388, 1807548142513, vstest.console.dll, TcpClientExtensions.MessageLoopAsync: NotifyDataAvailable remoteEndPoint: 127.0.0.1:50792 localEndPoint: 127.0.0.1:50791
TpTrace Verbose: 0 : 25868, 14, 2021/06/26, 22:20:39.388, 1807548143572, vstest.console.dll, TestRequestSender.OnExecutionMessageReceived: Received message: {"Version":5,"MessageType":"TestSession.Message","Payload":{"MessageLevel":0,"Message":"[xUnit.net 00:00:00.00] xUnit.net VSTest Adapter v2.4.3+1b45f5407b (64-bit .NET 5.0.7)"}}
TpTrace Verbose: 0 : 25868, 14, 2021/06/26, 22:20:39.388, 1807548146186, vstest.console.dll, TestRunRequest:SendTestRunMessage: Starting.
TpTrace Information: 0 : 25868, 14, 2021/06/26, 22:20:39.388, 1807548146827, vstest.console.dll, TestRunRequest:SendTestRunMessage: Completed.
TpTrace Verbose: 0 : 25868, 14, 2021/06/26, 22:20:39.389, 1807548147344, vstest.console.dll, TcpClientExtensions.MessageLoopAsync: Polling on remoteEndPoint: 127.0.0.1:50792 localEndPoint: 127.0.0.1:50791
TpTrace Verbose: 0 : 25868, 14, 2021/06/26, 22:20:40.134, 1807555597949, vstest.console.dll, TcpClientExtensions.MessageLoopAsync: NotifyDataAvailable remoteEndPoint: 127.0.0.1:50792 localEndPoint: 127.0.0.1:50791
TpTrace Verbose: 0 : 25868, 14, 2021/06/26, 22:20:40.134, 1807555598839, vstest.console.dll, TestRequestSender.OnExecutionMessageReceived: Received message: {"Version":5,"MessageType":"TestSession.Message","Payload":{"MessageLevel":0,"Message":"[xUnit.net 00:00:00.75]   Discovering: Inventory Management.Server.Tests"}}
TpTrace Verbose: 0 : 25868, 14, 2021/06/26, 22:20:40.134, 1807555601021, vstest.console.dll, TestRunRequest:SendTestRunMessage: Starting.
TpTrace Information: 0 : 25868, 14, 2021/06/26, 22:20:40.134, 1807555601546, vstest.console.dll, TestRunRequest:SendTestRunMessage: Completed.
TpTrace Verbose: 0 : 25868, 14, 2021/06/26, 22:20:40.134, 1807555601859, vstest.console.dll, TcpClientExtensions.MessageLoopAsync: Polling on remoteEndPoint: 127.0.0.1:50792 localEndPoint: 127.0.0.1:50791
TpTrace Verbose: 0 : 25868, 14, 2021/06/26, 22:20:40.157, 1807555836626, vstest.console.dll, TcpClientExtensions.MessageLoopAsync: NotifyDataAvailable remoteEndPoint: 127.0.0.1:50792 localEndPoint: 127.0.0.1:50791
TpTrace Verbose: 0 : 25868, 14, 2021/06/26, 22:20:40.158, 1807555837401, vstest.console.dll, TestRequestSender.OnExecutionMessageReceived: Received message: {"Version":5,"MessageType":"TestSession.Message","Payload":{"MessageLevel":0,"Message":"[xUnit.net 00:00:00.77]   Discovered:  Inventory Management.Server.Tests"}}
TpTrace Verbose: 0 : 25868, 14, 2021/06/26, 22:20:40.158, 1807555838565, vstest.console.dll, TestRunRequest:SendTestRunMessage: Starting.
TpTrace Information: 0 : 25868, 14, 2021/06/26, 22:20:40.158, 1807555838964, vstest.console.dll, TestRunRequest:SendTestRunMessage: Completed.
TpTrace Verbose: 0 : 25868, 14, 2021/06/26, 22:20:40.158, 1807555839242, vstest.console.dll, TcpClientExtensions.MessageLoopAsync: Polling on remoteEndPoint: 127.0.0.1:50792 localEndPoint: 127.0.0.1:50791
TpTrace Verbose: 0 : 25868, 14, 2021/06/26, 22:20:40.159, 1807555852831, vstest.console.dll, TcpClientExtensions.MessageLoopAsync: NotifyDataAvailable remoteEndPoint: 127.0.0.1:50792 localEndPoint: 127.0.0.1:50791
TpTrace Verbose: 0 : 25868, 14, 2021/06/26, 22:20:40.159, 1807555853342, vstest.console.dll, TestRequestSender.OnExecutionMessageReceived: Received message: {"Version":5,"MessageType":"TestSession.Message","Payload":{"MessageLevel":0,"Message":"[xUnit.net 00:00:00.77]   Starting:    Inventory Management.Server.Tests"}}
TpTrace Verbose: 0 : 25868, 14, 2021/06/26, 22:20:40.159, 1807555854214, vstest.console.dll, TestRunRequest:SendTestRunMessage: Starting.
TpTrace Information: 0 : 25868, 14, 2021/06/26, 22:20:40.159, 1807555854581, vstest.console.dll, TestRunRequest:SendTestRunMessage: Completed.
TpTrace Verbose: 0 : 25868, 14, 2021/06/26, 22:20:40.159, 1807555854821, vstest.console.dll, TcpClientExtensions.MessageLoopAsync: Polling on remoteEndPoint: 127.0.0.1:50792 localEndPoint: 127.0.0.1:50791
TpTrace Verbose: 0 : 25868, 14, 2021/06/26, 22:20:40.394, 1807558198861, vstest.console.dll, TcpClientExtensions.MessageLoopAsync: NotifyDataAvailable remoteEndPoint: 127.0.0.1:50792 localEndPoint: 127.0.0.1:50791
TpTrace Verbose: 0 : 25868, 14, 2021/06/26, 22:20:40.394, 1807558199736, vstest.console.dll, TestRequestSender.OnExecutionMessageReceived: Received message: {"Version":5,"MessageType":"TestSession.Message","Payload":{"MessageLevel":0,"Message":"[xUnit.net 00:00:01.01]   Finished:    Inventory Management.Server.Tests"}}
TpTrace Verbose: 0 : 25868, 14, 2021/06/26, 22:20:40.394, 1807558201042, vstest.console.dll, TestRunRequest:SendTestRunMessage: Starting.
TpTrace Information: 0 : 25868, 14, 2021/06/26, 22:20:40.394, 1807558201858, vstest.console.dll, TestRunRequest:SendTestRunMessage: Completed.
TpTrace Verbose: 0 : 25868, 14, 2021/06/26, 22:20:40.394, 1807558202590, vstest.console.dll, TcpClientExtensions.MessageLoopAsync: Polling on remoteEndPoint: 127.0.0.1:50792 localEndPoint: 127.0.0.1:50791
TpTrace Verbose: 0 : 25868, 14, 2021/06/26, 22:20:40.430, 1807558560389, vstest.console.dll, TcpClientExtensions.MessageLoopAsync: NotifyDataAvailable remoteEndPoint: 127.0.0.1:50792 localEndPoint: 127.0.0.1:50791
TpTrace Verbose: 0 : 25868, 14, 2021/06/26, 22:20:40.430, 1807558562901, vstest.console.dll, TestRequestSender.OnExecutionMessageReceived: Received message: {"Version":5,"MessageType":"TestExecution.Completed","Payload":{"TestRunCompleteArgs":{"TestRunStatistics":{"ExecutedTests":5,"Stats":{"Passed":5}},"IsCanceled":false,"IsAborted":false,"Error":null,"AttachmentSets":[],"ElapsedTimeInRunningTests":"00:00:01.0193522","Metrics":{}},"LastRunTests":{"NewTestResults":[{"TestCase":{"Id":"df73021a-dff8-cda7-09b7-77c2ed1aaba0","FullyQualifiedName":"Inventory_Management.Server.Tests.ProductControllerTests.DeleteProduct","DisplayName":"Inventory_Management.Server.Tests.ProductControllerTests.DeleteProduct","ExecutorUri":"executor://xunit/VsTestRunner2/netcoreapp","Source":"D:\\Think bridge\\Ecommerce-ProductModule-API\\Product Module API\\Inventory Management.Server.Tests\\bin\\Debug\\net5.0\\fine-code-coverage\\build-output\\Inventory Management.Server.Tests.dll","CodeFilePath":null,"LineNumber":0,"Properties":[]},"Attachments":[],"Outcome":1,"ErrorMessage":null,"ErrorStackTrace":null,"DisplayName":"Inventory_Management.Server.Tests.ProductControllerTests.DeleteProduct","Messages":[],"ComputerName":"LAPTOP-MTQ31COG","Duration":"00:00:00.1571521","StartTime":"2021-06-26T16:50:40.3608313+00:00","EndTime":"2021-06-26T16:50:40.3608797+00:00","Properties":[]},{"TestCase":{"Id":"ed94134e-9da7-68a2-ed7f-d40e3a07c8f5","FullyQualifiedName":"Inventory_Management.Server.Tests.ProductControllerTests.UpdateProduct","DisplayName":"Inventory_Management.Server.Tests.ProductControllerTests.UpdateProduct","ExecutorUri":"executor://xunit/VsTestRunner2/netcoreapp","Source":"D:\\Think bridge\\Ecommerce-ProductModule-API\\Product Module API\\Inventory Management.Server.Tests\\bin\\Debug\\net5.0\\fine-code-coverage\\build-output\\Inventory Management.Server.Tests.dll","CodeFilePath":null,"LineNumber":0,"Properties":[]},"Attachments":[],"Outcome":1,"ErrorMessage":null,"ErrorStackTrace":null,"DisplayName":"Inventory_Management.Server.Tests.ProductControllerTests.UpdateProduct","Messages":[],"ComputerName":"LAPTOP-MTQ31COG","Duration":"00:00:00.0078863","StartTime":"2021-06-26T16:50:40.3759466+00:00","EndTime":"2021-06-26T16:50:40.3759472+00:00","Properties":[]},{"TestCase":{"Id":"cabd14e3-4806-ce67-68ad-60dc82334a25","FullyQualifiedName":"Inventory_Management.Server.Tests.ProductControllerTests.AddProduct","DisplayName":"Inventory_Management.Server.Tests.ProductControllerTests.AddProduct","ExecutorUri":"executor://xunit/VsTestRunner2/netcoreapp","Source":"D:\\Think bridge\\Ecommerce-ProductModule-API\\Product Module API\\Inventory Management.Server.Tests\\bin\\Debug\\net5.0\\fine-code-coverage\\build-output\\Inventory Management.Server.Tests.dll","CodeFilePath":null,"LineNumber":0,"Properties":[]},"Attachments":[],"Outcome":1,"ErrorMessage":null,"ErrorStackTrace":null,"DisplayName":"Inventory_Management.Server.Tests.ProductControllerTests.AddProduct","Messages":[],"ComputerName":"LAPTOP-MTQ31COG","Duration":"00:00:00.0137169","StartTime":"2021-06-26T16:50:40.3821332+00:00","EndTime":"2021-06-26T16:50:40.3821342+00:00","Properties":[]},{"TestCase":{"Id":"45f46f8b-4d31-0024-4d4f-092793e4b94a","FullyQualifiedName":"Inventory_Management.Server.Tests.ProductControllerTests.GetProductByID","DisplayName":"Inventory_Management.Server.Tests.ProductControllerTests.GetProductByID","ExecutorUri":"executor://xunit/VsTestRunner2/netcoreapp","Source":"D:\\Think bridge\\Ecommerce-ProductModule-API\\Product Module API\\Inventory Management.Server.Tests\\bin\\Debug\\net5.0\\fine-code-coverage\\build-output\\Inventory Management.Server.Tests.dll","CodeFilePath":null,"LineNumber":0,"Properties":[]},"Attachments":[],"Outcome":1,"ErrorMessage":null,"ErrorStackTrace":null,"DisplayName":"Inventory_Management.Server.Tests.ProductControllerTests.GetProductByID","Messages":[],"ComputerName":"LAPTOP-MTQ31COG","Duration":"00:00:00.0026904","StartTime":"2021-06-26T16:50:40.3848704+00:00","EndTime":"2021-06-26T16:50:40.3848708+00:00","Properties":[]},{"TestCase":{"Id":"f1f7f3c3-bc70-7227-92b7-29360e2bcff0","FullyQualifiedName":"Inventory_Management.Server.Tests.ProductControllerTests.GetProductsAsync","DisplayName":"Inventory_Management.Server.Tests.ProductControllerTests.GetProductsAsync","ExecutorUri":"executor://xunit/VsTestRunner2/netcoreapp","Source":"D:\\Think bridge\\Ecommerce-ProductModule-API\\Product Module API\\Inventory Management.Server.Tests\\bin\\Debug\\net5.0\\fine-code-coverage\\build-output\\Inventory Management.Server.Tests.dll","CodeFilePath":null,"LineNumber":0,"Properties":[]},"Attachments":[],"Outcome":1,"ErrorMessage":null,"ErrorStackTrace":null,"DisplayName":"Inventory_Management.Server.Tests.ProductControllerTests.GetProductsAsync","Messages":[],"ComputerName":"LAPTOP-MTQ31COG","Duration":"00:00:00.0047196","StartTime":"2021-06-26T16:50:40.3896107+00:00","EndTime":"2021-06-26T16:50:40.3896117+00:00","Properties":[]}],"TestRunStatistics":{"ExecutedTests":5,"Stats":{"Passed":5}},"ActiveTests":[]},"RunAttachments":[],"ExecutorUris":["executor://xunit/VsTestRunner2/netcoreapp"]}}
TpTrace Verbose: 0 : 25868, 14, 2021/06/26, 22:20:40.432, 1807558581575, vstest.console.dll, TestRequestSender.EndSession: Sending end session.
TpTrace Verbose: 0 : 25868, 14, 2021/06/26, 22:20:40.432, 1807558582762, vstest.console.dll, ProxyOperationManager.Close: waiting for test host to exit for 100 ms
TpTrace Warning: 0 : 25868, 10, 2021/06/26, 22:20:40.454, 1807558801009, vstest.console.dll, TestHostManagerCallbacks.ErrorReceivedCallback Test host standard error line: 
TpTrace Verbose: 0 : 25868, 7, 2021/06/26, 22:20:40.464, 1807558906594, vstest.console.dll, TestHostProvider.ExitCallBack: Host exited starting callback.
TpTrace Information: 0 : 25868, 7, 2021/06/26, 22:20:40.465, 1807558910322, vstest.console.dll, TestHostManagerCallbacks.ExitCallBack: Testhost processId: 17844 exited with exitcode: 0 error: ''
TpTrace Verbose: 0 : 25868, 7, 2021/06/26, 22:20:40.465, 1807558910747, vstest.console.dll, DotnetTestHostManager.OnHostExited: invoking OnHostExited callback
TpTrace Verbose: 0 : 25868, 7, 2021/06/26, 22:20:40.465, 1807558911090, vstest.console.dll, CrossPlatEngine.TestHostManagerHostExited: calling on client process exit callback.
TpTrace Information: 0 : 25868, 7, 2021/06/26, 22:20:40.465, 1807558911464, vstest.console.dll, TestRequestSender.OnClientProcessExit: Test host process exited. Standard error: 
TpTrace Information: 0 : 25868, 7, 2021/06/26, 22:20:40.465, 1807558911775, vstest.console.dll, SocketServer.Stop: Stop server endPoint: 127.0.0.1:50791
TpTrace Warning: 0 : 25868, 14, 2021/06/26, 22:20:40.465, 1807558911856, vstest.console.dll, ProxyOperationManager: Timed out waiting for test host to exit. Will terminate process.
TpTrace Information: 0 : 25868, 7, 2021/06/26, 22:20:40.465, 1807558912378, vstest.console.dll, SocketServer.Stop: Cancellation requested. Stopping message loop.
TpTrace Verbose: 0 : 25868, 14, 2021/06/26, 22:20:40.466, 1807558917446, vstest.console.dll, ProxyDataCollectionManager.InvokeDataCollectionServiceAction: Starting.
TpTrace Information: 0 : 25868, 14, 2021/06/26, 22:20:40.466, 1807558917845, vstest.console.dll, ProxyDataCollectionManager.AfterTestRunEnd: Get attachment set for datacollector processId: 26920 port: 50788
TpTrace Verbose: 0 : 25868, 14, 2021/06/26, 22:20:40.466, 1807558918245, vstest.console.dll, DataCollectionRequestSender.SendAfterTestRunStartAndGetResult : Send AfterTestRunEnd message with isCancelled: False
TpTrace Verbose: 0 : 25868, 14, 2021/06/26, 22:20:40.468, 1807558945753, vstest.console.dll, DataCollectionRequestSender.SendAfterTestRunStartAndGetResult : Received message: (DataCollection.AfterTestRunEndResult) -> {
  "AttachmentSets": [],
  "Metrics": {}
}
TpTrace Information: 0 : 25868, 14, 2021/06/26, 22:20:40.471, 1807558971109, vstest.console.dll, ProxyDataCollectionManager.InvokeDataCollectionServiceAction: Completed.
TpTrace Warning: 0 : 25868, 9, 2021/06/26, 22:20:40.472, 1807558978275, vstest.console.dll, DataCollectionLauncher.ErrorReceivedCallback datacollector standard error line: 
TpTrace Information: 0 : 25868, 7, 2021/06/26, 22:20:40.475, 1807559013955, vstest.console.dll, DataCollectionLauncher.ExitCallBack: Data collector exited with exitcode: 0 error: ''
TpTrace Verbose: 0 : 25868, 14, 2021/06/26, 22:20:40.504, 1807559304970, vstest.console.dll, TestRunRequest:SendTestRunStatsChange: Starting.
TpTrace Information: 0 : 25868, 14, 2021/06/26, 22:20:40.504, 1807559306718, vstest.console.dll, TestRunRequest:SendTestRunStatsChange: Completed.
TpTrace Verbose: 0 : 25868, 14, 2021/06/26, 22:20:40.505, 1807559307849, vstest.console.dll, ParallelProxyExecutionManager: HandlePartialRunComplete: Total completed clients = 1, Run complete = True, Run canceled: False.
TpTrace Verbose: 0 : 25868, 14, 2021/06/26, 22:20:40.521, 1807559469640, vstest.console.dll, TestRunRequest:TestRunComplete: Starting. IsAborted:False IsCanceled:False.
TpTrace Verbose: 0 : 25868, 14, 2021/06/26, 22:20:40.521, 1807559470793, vstest.console.dll, TestLoggerManager.HandleTestRunComplete: Ignoring as the object is disposed.
TpTrace Information: 0 : 25868, 14, 2021/06/26, 22:20:40.521, 1807559472411, vstest.console.dll, TestRunRequest:TestRunComplete: Completed.
TpTrace Verbose: 0 : 25868, 14, 2021/06/26, 22:20:40.521, 1807559472768, vstest.console.dll, TestRequestSender.SetOperationComplete: Setting operation complete.
TpTrace Verbose: 0 : 25868, 1, 2021/06/26, 22:20:40.521, 1807559472906, vstest.console.dll, TestRunRequest.Dispose: Starting.
TpTrace Information: 0 : 25868, 1, 2021/06/26, 22:20:40.521, 1807559473416, vstest.console.dll, TestRunRequest.Dispose: Completed.
TpTrace Information: 0 : 25868, 1, 2021/06/26, 22:20:40.521, 1807559473739, vstest.console.dll, TestRequestManager.RunTests: run tests completed.
TpTrace Information: 0 : 25868, 14, 2021/06/26, 22:20:40.521, 1807559473048, vstest.console.dll, SocketServer.Stop: Stop server endPoint: 127.0.0.1:50791
TpTrace Information: 0 : 25868, 1, 2021/06/26, 22:20:40.521, 1807559474260, vstest.console.dll, RunTestsArgumentProcessor:Execute: Test run is completed.
TpTrace Information: 0 : 25868, 14, 2021/06/26, 22:20:40.521, 1807559474337, vstest.console.dll, SocketServer.Stop: Cancellation requested. Stopping message loop.
TpTrace Information: 0 : 25868, 14, 2021/06/26, 22:20:40.521, 1807559475297, vstest.console.dll, SocketServer.PrivateStop: Stop server endPoint: 127.0.0.1:50791 error: 
TpTrace Verbose: 0 : 25868, 1, 2021/06/26, 22:20:40.521, 1807559475577, vstest.console.dll, Executor.Execute: Exiting with exit code of 0
TpTrace Verbose: 0 : 25868, 14, 2021/06/26, 22:20:40.522, 1807559478830, vstest.console.dll, LengthPrefixCommunicationChannel.Dispose: Dispose reader and writer.
